[14:26:12] This is prokka 1.14.5
[14:26:12] Written by Torsten Seemann <torsten.seemann@gmail.com>
[14:26:12] Homepage is https://github.com/tseemann/prokka
[14:26:12] Local time is Fri Apr 24 14:26:12 2026
[14:26:12] You are yogesh22
[14:26:12] Operating system is linux
[14:26:12] You have BioPerl 1.7.8
[14:26:12] System has 96 cores.
[14:26:12] Will use maximum of 8 cores.
[14:26:12] Annotating as >>> Bacteria <<<
[14:26:12] Generating locus_tag from '/home/yogesh22/Genome_Anlaysis/outputs/01-genome-assembly/E.faecium.contigs.fasta' contents.
[14:26:12] Setting --locustag ALELCLJE from MD5 a5e5c53e48a404d6b4024fae47d45143
[14:26:12] Creating new output folder: /home/yogesh22/Genome_Analysis/outputs/03-annotation/
[14:26:12] Running: mkdir -p \/home\/yogesh22\/Genome_Analysis\/outputs\/03\-annotation\/
[14:26:12] Using filename prefix: E.faecium-annotation.XXX
[14:26:12] Setting HMMER_NCPU=1
[14:26:12] Writing log to: /home/yogesh22/Genome_Analysis/outputs/03-annotation//E.faecium-annotation.log
[14:26:12] Command: /sw/arch/eb/software/prokka/1.14.5-gompi-2024a/bin/prokka --outdir /home/yogesh22/Genome_Analysis/outputs/03-annotation/ --prefix E.faecium-annotation /home/yogesh22/Genome_Anlaysis/outputs/01-genome-assembly/E.faecium.contigs.fasta
[14:26:12] Appending to PATH: /sw/arch/eb/software/prokka/1.14.5-gompi-2024a/bin/../binaries/linux
[14:26:12] Appending to PATH: /sw/arch/eb/software/prokka/1.14.5-gompi-2024a/bin/../binaries/linux/../common
[14:26:12] Appending to PATH: /sw/arch/eb/software/prokka/1.14.5-gompi-2024a/bin
[14:26:12] Looking for 'aragorn' - found /sw/arch/eb/software/prokka/1.14.5-gompi-2024a/bin/../binaries/linux/aragorn
[14:26:12] Determined aragorn version is 001002 from 'ARAGORN v1.2.38 Dean Laslett'
[14:26:12] Looking for 'blastp' - found /sw/arch/eb/software/BLAST+/2.16.0-gompi-2024a/bin/blastp
[14:26:30] Determined blastp version is 002016 from 'blastp: 2.16.0+'
[14:26:30] Looking for 'cmpress' - found /sw/arch/eb/software/prokka/1.14.5-gompi-2024a/bin/../binaries/linux/cmpress
[14:26:30] Determined cmpress version is 001001 from '# INFERNAL 1.1.2 (July 2016)'
[14:26:30] Looking for 'cmscan' - found /sw/arch/eb/software/prokka/1.14.5-gompi-2024a/bin/../binaries/linux/cmscan
[14:26:30] Determined cmscan version is 001001 from '# INFERNAL 1.1.2 (July 2016)'
[14:26:30] Looking for 'egrep' - found /usr/bin/egrep
[14:26:30] Looking for 'find' - found /usr/bin/find
[14:26:30] Looking for 'grep' - found /usr/bin/grep
[14:26:30] Looking for 'hmmpress' - found /sw/arch/eb/software/prokka/1.14.5-gompi-2024a/bin/../binaries/linux/hmmpress
[14:26:30] Determined hmmpress version is 003001 from '# HMMER 3.1b2 (February 2015); http://hmmer.org/'
[14:26:30] Looking for 'hmmscan' - found /sw/arch/eb/software/prokka/1.14.5-gompi-2024a/bin/../binaries/linux/hmmscan
[14:26:31] Determined hmmscan version is 003001 from '# HMMER 3.1b2 (February 2015); http://hmmer.org/'
[14:26:31] Looking for 'java' - found /sw/arch/eb/software/Java/17.0.15/bin/java
[14:26:31] Looking for 'makeblastdb' - found /sw/arch/eb/software/BLAST+/2.16.0-gompi-2024a/bin/makeblastdb
[14:26:47] Determined makeblastdb version is 002016 from 'makeblastdb: 2.16.0+'
[14:26:47] Looking for 'minced' - found /sw/arch/eb/software/prokka/1.14.5-gompi-2024a/bin/../binaries/linux/../common/minced
[14:26:48] Determined minced version is 002000 from 'minced 0.2.0'
[14:26:48] Looking for 'parallel' - found /sw/arch/eb/software/parallel/20240722-GCCcore-13.3.0/bin/parallel
[14:26:48] Determined parallel version is 20240722 from 'GNU parallel 20240722'
[14:26:48] Looking for 'prodigal' - found /sw/arch/eb/software/prokka/1.14.5-gompi-2024a/bin/../binaries/linux/prodigal
[14:26:48] Determined prodigal version is 002006 from 'Prodigal V2.6.3: February, 2016'
[14:26:48] Looking for 'prokka-genbank_to_fasta_db' - found /sw/arch/eb/software/prokka/1.14.5-gompi-2024a/bin/prokka-genbank_to_fasta_db
[14:26:48] Looking for 'sed' - found /usr/bin/sed
[14:26:48] Looking for 'tbl2asn' - found /sw/arch/eb/software/tbl2asn/20230713-GCCcore-13.3.0/bin/tbl2asn
[14:26:48] Determined tbl2asn version is 025008 from 'tbl2asn 25.8   arguments:'
[14:26:48] Using genetic code table 11.
[14:26:48] Loading and checking input file: /home/yogesh22/Genome_Anlaysis/outputs/01-genome-assembly/E.faecium.contigs.fasta
[14:26:48] Wrote 11 contigs totalling 3167640 bp.
[14:26:48] Predicting tRNAs and tmRNAs
[14:26:48] Running: aragorn -l -gc11  -w \/home\/yogesh22\/Genome_Analysis\/outputs\/03\-annotation\/\/E\.faecium\-annotation\.fna
[14:26:49] 1 tRNA-Leu c[7064,7150] 36 (caa)
[14:26:49] 2 tRNA-Gln c[7166,7239] 34 (ttg)
[14:26:49] 3 tRNA-His c[7247,7320] 34 (gtg)
[14:26:49] 4 tRNA-Leu c[7381,7467] 36 (caa)
[14:26:49] 5 tRNA-Cys c[7487,7557] 33 (gca)
[14:26:49] 6 tRNA-Gln c[7602,7675] 34 (ttg)
[14:26:49] 7 tRNA-His c[7685,7758] 34 (gtg)
[14:26:49] 8 tRNA-Trp c[7761,7834] 33 (cca)
[14:26:49] 9 tRNA-Tyr c[7840,7922] 36 (gta)
[14:26:49] 10 tRNA-Phe c[7923,7998] 34 (gaa)
[14:26:49] 11 tRNA-Asp c[8032,8107] 35 (gtc)
[14:26:49] 12 tRNA-Val c[8115,8189] 35 (tac)
[14:26:49] 13 tRNA-Glu c[8203,8276] 35 (ttc)
[14:26:49] 14 tRNA-Ser c[8289,8380] 36 (gga)
[14:26:49] 15 tRNA-Asn c[8418,8493] 36 (gtt)
[14:26:49] 16 tRNA-Ala c[11919,11991] 34 (tgc)
[14:26:49] 17 tRNA-Met c[141181,141254] 35 (cat)
[14:26:49] 18 tRNA-Lys [193121,193193] 34 (ctt)
[14:26:49] 19 tRNA-Glu c[393250,393323] 35 (ttc)
[14:26:49] 20 tRNA-Ile c[393333,393408] 36 (gat)
[14:26:49] 21 tRNA-Gly c[393420,393490] 33 (tcc)
[14:26:49] 22 tRNA-Phe c[393494,393568] 35 (gaa)
[14:26:49] 23 tRNA-Asp c[393570,393644] 35 (gtc)
[14:26:49] 24 tRNA-Met c[393661,393736] 36 (cat)
[14:26:49] 25 tRNA-Ser c[393748,393837] 37 (tga)
[14:26:49] 26 tRNA-Glu c[393859,393932] 35 (ttc)
[14:26:49] 27 tRNA-Ser c[393952,394041] 36 (gct)
[14:26:49] 28 tRNA-Ile c[394064,394139] 36 (gat)
[14:26:49] 29 tRNA-Gly c[394152,394222] 33 (tcc)
[14:26:49] 30 tRNA-Asp c[394224,394299] 34 (gtc)
[14:26:49] 31 tRNA-Met c[394317,394392] 36 (cat)
[14:26:49] 32 tRNA-Ser c[394404,394493] 37 (tga)
[14:26:49] 33 tRNA-Met c[394516,394591] 36 (cat)
[14:26:49] 34 tRNA-Met c[394603,394678] 36 (cat)
[14:26:49] 35 tRNA-Ala c[394705,394777] 34 (tgc)
[14:26:49] 36 tRNA-Pro c[394797,394870] 35 (tgg)
[14:26:49] 37 tRNA-Arg c[394879,394954] 36 (acg)
[14:26:49] 38 tRNA-Leu c[394964,395049] 35 (taa)
[14:26:49] 39 tRNA-Gly c[395066,395137] 33 (gcc)
[14:26:49] 40 tRNA-Thr c[395147,395222] 35 (tgt)
[14:26:49] 41 tRNA-Leu c[395238,395321] 36 (tag)
[14:26:49] 42 tRNA-Lys c[395327,395401] 35 (ttt)
[14:26:49] 43 tRNA-Val c[395403,395477] 35 (tac)
[14:26:49] 44 tRNA-Ala c[398907,398979] 34 (tgc)
[14:26:49] 45 tRNA-Arg c[624997,625073] 36 (acg)
[14:26:49] 46 tRNA-Pro c[625130,625203] 35 (tgg)
[14:26:49] 47 tRNA-Arg c[625224,625299] 36 (acg)
[14:26:49] 48 tRNA-Leu c[625309,625394] 35 (taa)
[14:26:49] 49 tRNA-Gly c[625411,625482] 33 (gcc)
[14:26:49] 50 tRNA-Thr c[625492,625567] 35 (tgt)
[14:26:49] 51 tRNA-Leu c[625583,625666] 36 (tag)
[14:26:49] 52 tRNA-Lys c[625672,625746] 35 (ttt)
[14:26:49] 53 tRNA-Val c[625748,625822] 35 (tac)
[14:26:49] 54 tRNA-Arg [1342403,1342477] 35 (tct)
[14:26:49] 55 tRNA-Arg [1396511,1396586] 36 (cct)
[14:26:49] 56 tRNA-Met [1433866,1433939] 35 (cat)
[14:26:49] 57 tRNA-Thr [1504204,1504276] 34 (cgt)
[14:26:49] 58 tRNA-Asn [1592927,1593002] 36 (gtt)
[14:26:49] 59 tRNA-Thr c[1595988,1596060] 34 (ggt)
[14:26:49] 60 tRNA-Asn [1596273,1596348] 36 (gtt)
[14:26:49] 61 tRNA-Gly [1649435,1649505] 33 (ccc)
[14:26:49] 62 tRNA-Arg c[1720561,1720634] 35 (ccg)
[14:26:49] 63 tRNA-Tyr [1751251,1751331] 35 (gta)
[14:26:49] 64 tRNA-Gln [1751337,1751410] 34 (ttg)
[14:26:49] 65 tRNA-Met [1995806,1995879] 35 (cat)
[14:26:49] 66 tmRNA c[1998264,1998627] 91,129 AKNENNSYALAA*
[14:26:49] 67 tRNA-Ser [2027444,2027531] 33 (cga)
[14:26:49] 68 tRNA-Met [2291307,2291382] 36 (cat)
[14:26:49] 69 tRNA-Gln [2515280,2515352] 34 (ctg)
[14:26:49] 70 tRNA-Leu c[2519722,2519807] 36 (cag)
[14:26:49] 71 tRNA-Leu [2608845,2608929] 35 (gag)
[14:26:49] 72 tRNA-Leu c[2771993,2772079] 36 (caa)
[14:26:49] 73 tRNA-Gln c[2772095,2772168] 34 (ttg)
[14:26:49] 74 tRNA-His c[2772176,2772249] 34 (gtg)
[14:26:49] 75 tRNA-Leu c[2772310,2772396] 36 (caa)
[14:26:49] 76 tRNA-Cys c[2772416,2772486] 33 (gca)
[14:26:49] 77 tRNA-Gln c[2772531,2772604] 34 (ttg)
[14:26:49] 78 tRNA-His c[2772614,2772687] 34 (gtg)
[14:26:49] 79 tRNA-Trp c[2772690,2772763] 33 (cca)
[14:26:49] 80 tRNA-Tyr c[2772769,2772851] 36 (gta)
[14:26:49] 81 tRNA-Phe c[2772852,2772927] 34 (gaa)
[14:26:49] 82 tRNA-Asp c[2772961,2773036] 35 (gtc)
[14:26:49] 83 tRNA-Val c[2773044,2773118] 35 (tac)
[14:26:49] 84 tRNA-Glu c[2773132,2773205] 35 (ttc)
[14:26:49] 85 tRNA-Ser c[2773218,2773309] 36 (gga)
[14:26:49] 86 tRNA-Asn c[2773347,2773422] 36 (gtt)
[14:26:49] Found 86 tRNAs
[14:26:49] Predicting Ribosomal RNAs
[14:26:49] You need either Barrnap or RNAmmer installed to predict rRNAs!
[14:26:49] Skipping ncRNA search, enable with --rfam if desired.
[14:26:49] Total of 85 tRNA + rRNA features
[14:26:49] Searching for CRISPR repeats
[14:26:50] Found 0 CRISPRs
[14:26:50] Predicting coding sequences
[14:26:50] Contigs total 3167640 bp, so using single mode
[14:26:50] Running: prodigal -i \/home\/yogesh22\/Genome_Analysis\/outputs\/03\-annotation\/\/E\.faecium\-annotation\.fna -c -m -g 11 -p single -f sco -q
[14:26:53] Found 3132 CDS
[14:26:53] Connecting features back to sequences
[14:26:53] Not using genus-specific database. Try --usegenus to enable it.
[14:26:53] Annotating CDS, please be patient.
[14:26:53] Will use 8 CPUs for similarity searching.
[14:26:54] There are still 3132 unannotated CDS left (started with 3132)
[14:26:54] Will use blast to search against /sw/arch/eb/software/prokka/1.14.5-gompi-2024a/db/kingdom/Bacteria/IS with 8 CPUs
[14:26:54] Running: cat \/home\/yogesh22\/Genome_Analysis\/outputs\/03\-annotation\/\/E\.faecium\-annotation\.IS\.tmp\.1419052\.faa | parallel --gnu --plain -j 8 --block 56893 --recstart '>' --pipe blastp -query - -db /sw/arch/eb/software/prokka/1.14.5-gompi-2024a/db/kingdom/Bacteria/IS -evalue 1e-30 -qcov_hsp_perc 90 -num_threads 1 -num_descriptions 1 -num_alignments 1 -seg no > \/home\/yogesh22\/Genome_Analysis\/outputs\/03\-annotation\/\/E\.faecium\-annotation\.IS\.tmp\.1419052\.blast 2> /dev/null
[14:27:55] Deleting unwanted file: /home/yogesh22/Genome_Analysis/outputs/03-annotation//E.faecium-annotation.IS.tmp.1419052.faa
[14:27:55] Deleting unwanted file: /home/yogesh22/Genome_Analysis/outputs/03-annotation//E.faecium-annotation.IS.tmp.1419052.blast
[14:27:56] There are still 2959 unannotated CDS left (started with 3132)
[14:27:56] Will use blast to search against /sw/arch/eb/software/prokka/1.14.5-gompi-2024a/db/kingdom/Bacteria/AMR with 8 CPUs
[14:27:56] Running: cat \/home\/yogesh22\/Genome_Analysis\/outputs\/03\-annotation\/\/E\.faecium\-annotation\.AMR\.tmp\.1419052\.faa | parallel --gnu --plain -j 8 --block 53344 --recstart '>' --pipe blastp -query - -db /sw/arch/eb/software/prokka/1.14.5-gompi-2024a/db/kingdom/Bacteria/AMR -evalue 1e-300 -qcov_hsp_perc 90 -num_threads 1 -num_descriptions 1 -num_alignments 1 -seg no > \/home\/yogesh22\/Genome_Analysis\/outputs\/03\-annotation\/\/E\.faecium\-annotation\.AMR\.tmp\.1419052\.blast 2> /dev/null
[14:29:01] Deleting unwanted file: /home/yogesh22/Genome_Analysis/outputs/03-annotation//E.faecium-annotation.AMR.tmp.1419052.faa
[14:29:01] Deleting unwanted file: /home/yogesh22/Genome_Analysis/outputs/03-annotation//E.faecium-annotation.AMR.tmp.1419052.blast
[14:29:01] There are still 2957 unannotated CDS left (started with 3132)
[14:29:01] Will use blast to search against /sw/arch/eb/software/prokka/1.14.5-gompi-2024a/db/kingdom/Bacteria/sprot with 8 CPUs
[14:29:01] Running: cat \/home\/yogesh22\/Genome_Analysis\/outputs\/03\-annotation\/\/E\.faecium\-annotation\.sprot\.tmp\.1419052\.faa | parallel --gnu --plain -j 8 --block 53282 --recstart '>' --pipe blastp -query - -db /sw/arch/eb/software/prokka/1.14.5-gompi-2024a/db/kingdom/Bacteria/sprot -evalue 1e-09 -qcov_hsp_perc 80 -num_threads 1 -num_descriptions 1 -num_alignments 1 -seg no > \/home\/yogesh22\/Genome_Analysis\/outputs\/03\-annotation\/\/E\.faecium\-annotation\.sprot\.tmp\.1419052\.blast 2> /dev/null
[14:31:40] Modify product: Potassium channel HX13_20290 => Potassium channel
[14:31:40] Modify product: UPF0178 protein YaiI => hypothetical protein
[14:31:40] Modify product: Probable protein kinase UbiB => putative protein kinase UbiB
[14:31:40] Modify product: Zinc-type alcohol dehydrogenase-like protein SA1988 => Zinc-type alcohol dehydrogenase-like protein
[14:31:40] Modify product: Putative universal stress protein SA1532 => Putative universal stress protein
[14:31:40] Modify product: Uncharacterized oxidoreductase SpyM50865 => putative oxidoreductase
[14:31:40] Modify product: UPF0145 protein YbjQ => hypothetical protein
[14:31:40] Modify product: Multidrug efflux system permease protein Rv1217c => Multidrug efflux system permease protein
[14:31:40] Modify product: Multidrug efflux system ATP-binding protein Rv1218c => Multidrug efflux system ATP-binding protein
[14:31:40] Modify product: Uncharacterized ABC transporter ATP-binding protein YknY => putative ABC transporter ATP-binding protein YknY
[14:31:40] Modify product: Putative lipid kinase SP_1045 => Putative lipid kinase
[14:31:40] Modify product: Phosphorylated carbohydrates phosphatase TM_1254 => Phosphorylated carbohydrates phosphatase
[14:31:40] Modify product: Uncharacterized amino acid permease YvbW => putative amino acid permease YvbW
[14:31:40] Modify product: Uncharacterized sugar epimerase YhfK => putative sugar epimerase YhfK
[14:31:40] Modify product: Probable acrylyl-CoA reductase AcuI => putative acrylyl-CoA reductase AcuI
[14:31:40] Modify product: Probable phosphotransferase enzyme IIB component M6_Spy0801 => putative phosphotransferase enzyme IIB component
[14:31:40] Modify product: Uncharacterized HTH-type transcriptional regulator YdjF => putative HTH-type transcriptional regulator YdjF
[14:31:40] Modify product: Nucleoid-associated protein SP_1102 => Nucleoid-associated protein
[14:31:40] Modify product: Uncharacterized protein Rv1339 => putative protein
[14:31:40] Modify product: Uncharacterized protein Spy1535 => putative protein
[14:31:40] Modify product: Bifunctional protein FolD => Bifunctional protein FolD protein
[14:31:40] Modify product: Uncharacterized HTH-type transcriptional regulator YbbH => putative HTH-type transcriptional regulator YbbH
[14:31:40] Modify product: Probable tautomerase SAR1376 => putative tautomerase
[14:31:40] Modify product: Probable transcriptional regulatory protein YeeN => putative transcriptional regulatory protein YeeN
[14:31:40] Modify product: RNA-binding protein HI_1333 => RNA-binding protein
[14:31:40] Modify product: Uncharacterized protein YqeH => putative protein YqeH
[14:31:40] Modify product: Uncharacterized protein YkuJ => putative protein YkuJ
[14:31:40] Modify product: UPF0053 inner membrane protein YfjD => hypothetical protein
[14:31:40] Modify product: Acetyltransferase SACOL1063 => Acetyltransferase
[14:31:40] Modify product: UPF0374 protein SP_1903 => hypothetical protein
[14:31:40] Modify product: Probable undecaprenyl-phosphate N-acetylglucosaminyl 1-phosphate transferase => putative undecaprenyl-phosphate N-acetylglucosaminyl 1-phosphate transferase
[14:31:40] Modify product: DegV domain-containing protein MW1315 => DegV domain-containing protein
[14:31:40] Modify product: Probable glutamate/gamma-aminobutyrate antiporter => putative glutamate/gamma-aminobutyrate antiporter
[14:31:40] Modify product: Probable UbiX-like flavin prenyltransferase => putative UbiX-like flavin prenyltransferase
[14:31:40] Modify product: Uncharacterized membrane protein YdfK => putative membrane protein YdfK
[14:31:40] Modify product: Uncharacterized ABC transporter ATP-binding protein Rv0986 => putative ABC transporter ATP-binding protein
[14:31:40] Modify product: Glutathione peroxidase homolog BsaA => Glutathione peroxidase BsaA
[14:31:40] Modify product: Probable N-acetyl-LL-diaminopimelate aminotransferase => putative N-acetyl-LL-diaminopimelate aminotransferase
[14:31:40] Modify product: UPF0702 transmembrane protein YetF => hypothetical protein
[14:31:40] Modify product: Probable transport protein YifK => putative transport protein YifK
[14:31:40] Modify product: Probable pyridine nucleotide-disulfide oxidoreductase RclA => putative pyridine nucleotide-disulfide oxidoreductase RclA
[14:31:40] Modify product: Probable manganese catalase => putative manganese catalase
[14:31:40] Modify product: Probable arabinose-binding protein => putative arabinose-binding protein
[14:31:40] Modify product: Probable glucose uptake protein GlcU => putative glucose uptake protein GlcU
[14:31:40] Modify product: Uncharacterized amino acid permease YhdG => putative amino acid permease YhdG
[14:31:40] Modify product: TelA-like protein SA1238 => TelA-like protein
[14:31:40] Modify product: Prophage bactoprenol glucosyl transferase homolog => Prophage bactoprenol glucosyl transferase 
[14:31:40] Modify product: UPF0324 inner membrane protein YeiH => hypothetical protein
[14:31:40] Modify product: Probable ABC transporter ATP-binding protein M6_Spy0273 => putative ABC transporter ATP-binding protein
[14:31:40] Modify product: UPF0051 protein SA0778 => hypothetical protein
[14:31:40] Modify product: UPF0051 protein SA0778 => hypothetical protein
[14:31:40] Modify product: Uncharacterized ABC transporter ATP-binding protein TM_0288 => putative ABC transporter ATP-binding protein
[14:31:40] Modify product: Uncharacterized ABC transporter ATP-binding protein Rv1273c => putative ABC transporter ATP-binding protein
[14:31:40] Modify product: Probable transcriptional regulatory protein HI_0315 => putative transcriptional regulatory protein
[14:31:40] Modify product: UPF0701 protein YicC => hypothetical protein
[14:31:40] Modify product: Uncharacterized PIN and TRAM-domain containing protein YacL => putative PIN and TRAM-domain containing protein YacL
[14:31:40] Modify product: Uncharacterized oxidoreductase SA2266 => putative oxidoreductase
[14:31:40] Modify product: Putative acetyltransferase SA2342 => Putative acetyltransferase
[14:31:40] Modify product: Zinc-type alcohol dehydrogenase-like protein SA1988 => Zinc-type alcohol dehydrogenase-like protein
[14:31:40] Modify product: Probable tRNA-dihydrouridine synthase => putative tRNA-dihydrouridine synthase
[14:31:40] Modify product: Uncharacterized ABC transporter ATP-binding protein YadG => putative ABC transporter ATP-binding protein YadG
[14:31:40] Modify product: Uncharacterized ABC transporter ATP-binding protein YbiT => putative ABC transporter ATP-binding protein YbiT
[14:31:40] Modify product: Probable transporter SCO4007 => putative transporter
[14:31:40] Modify product: UPF0213 protein EF_2693 => hypothetical protein
[14:31:40] Modify product: Uncharacterized AAA domain-containing protein Rv2559c => putative AAA domain-containing protein
[14:31:40] Modify product: Putative universal stress protein SA1532 => Putative universal stress protein
[14:31:40] Modify product: Uncharacterized ABC transporter ATP-binding protein YbiT => putative ABC transporter ATP-binding protein YbiT
[14:31:40] Modify product: Uncharacterized symporter YjmB => putative symporter YjmB
[14:31:40] Modify product: Uncharacterized multiple-sugar transport system permease YteP => putative multiple-sugar transport system permease YteP
[14:31:40] Modify product: Probable HTH-type transcriptional repressor ExuR => putative HTH-type transcriptional repressor ExuR
[14:31:40] Modify product: Putative multidrug export ATP-binding/permease protein SAV1866 => Putative multidrug export ATP-binding/permease protein
[14:31:40] Modify product: UPF0342 protein SA1663 => hypothetical protein
[14:31:40] Modify product: Uncharacterized multiple-sugar transport system permease YteP => putative multiple-sugar transport system permease YteP
[14:31:40] Modify product: Probable licABCH operon regulator => putative licABCH operon regulator
[14:31:40] Modify product: Uncharacterized ABC transporter ATP-binding protein Rv1273c => putative ABC transporter ATP-binding protein
[14:31:40] Modify product: Uncharacterized ABC transporter ATP-binding protein TM_0288 => putative ABC transporter ATP-binding protein
[14:31:40] Modify product: Probable ATP-dependent RNA helicase YfmL => putative ATP-dependent RNA helicase YfmL
[14:31:40] Modify product: Uncharacterized ABC transporter ATP-binding protein Rv1273c => putative ABC transporter ATP-binding protein
[14:31:40] Modify product: Probable mannose-6-phosphate isomerase GmuF => putative mannose-6-phosphate isomerase GmuF
[14:31:40] Modify product: Probable dual-specificity RNA methyltransferase RlmN => putative dual-specificity RNA methyltransferase RlmN
[14:31:40] Modify product: 23S rRNA 5-hydroxycytidine C2501 synthase => 23S rRNA 5-hydroxycytidine synthase
[14:31:40] Modify product: DegV domain-containing protein MW1315 => DegV domain-containing protein
[14:31:40] Modify product: Uncharacterized ABC transporter ATP-binding protein YbiT => putative ABC transporter ATP-binding protein YbiT
[14:31:40] Modify product: Potassium channel HX13_20290 => Potassium channel
[14:31:40] Modify product: Uncharacterized protein Spy1614 => putative protein
[14:31:40] Modify product: Uncharacterized protein SA1069 => putative protein
[14:31:40] Modify product: Uncharacterized protein YueI => putative protein YueI
[14:31:40] Modify product: Uncharacterized protein YjdJ => putative protein YjdJ
[14:31:40] Modify product: Probable protein-export membrane protein SecG => putative protein-export membrane protein SecG
[14:31:40] Modify product: Uncharacterized N-acetyltransferase YvbK => putative N-acetyltransferase YvbK
[14:31:40] Modify product: Phosphate-specific transport system accessory protein PhoU homolog => Phosphate-specific transport system accessory protein PhoU 
[14:31:40] Modify product: Probable endonuclease 4 => putative endonuclease 4
[14:31:40] Modify product: UPF0154 protein SA1178 => hypothetical protein
[14:31:40] Modify product: Probable multidrug resistance ABC transporter ATP-binding/permease protein YheI => putative multidrug resistance ABC transporter ATP-binding/permease protein YheI
[14:31:40] Modify product: Probable multidrug resistance ABC transporter ATP-binding/permease protein YheH => putative multidrug resistance ABC transporter ATP-binding/permease protein YheH
[14:31:40] Modify product: Probable 6-phospho-beta-glucosidase => putative 6-phospho-beta-glucosidase
[14:31:40] Modify product: Uncharacterized protein YqeY => putative protein YqeY
[14:31:40] Modify product: Probable capsular polysaccharide biosynthesis protein YwqC => putative capsular polysaccharide biosynthesis protein YwqC
[14:31:40] Modify product: Uncharacterized sugar transferase EpsL => putative sugar transferase EpsL
[14:31:40] Modify product: Probable copper-importing P-type ATPase A => putative copper-importing P-type ATPase A
[14:31:41] Modify product: UPF0122 protein SP_1288 => hypothetical protein
[14:31:41] Modify product: UPF0109 protein Rv2908c => hypothetical protein
[14:31:41] Modify product: Putative phosphatase M6_Spy0533 => Putative phosphatase
[14:31:41] Modify product: Uncharacterized protein YjcQ => putative protein YjcQ
[14:31:41] Modify product: Probable siderophore-binding lipoprotein YfiY => putative siderophore-binding lipoprotein YfiY
[14:31:41] Modify product: Uncharacterized protein YqgN => putative protein YqgN
[14:31:41] Modify product: Uncharacterized protein YqgQ => putative protein YqgQ
[14:31:41] Modify product: Uncharacterized protein YibN => putative protein YibN
[14:31:41] Modify product: Probable ribosomal protein YlxQ => putative ribosomal protein YlxQ
[14:31:41] Modify product: Uncharacterized protease YdeA => putative protease YdeA
[14:31:41] Modify product: Uncharacterized ABC transporter ATP-binding protein TM_0288 => putative ABC transporter ATP-binding protein
[14:31:41] Modify product: Uncharacterized ABC transporter ATP-binding protein Rv1273c => putative ABC transporter ATP-binding protein
[14:31:41] Modify product: Probable phosphotransferase enzyme IIB component M6_Spy0801 => putative phosphotransferase enzyme IIB component
[14:31:41] Modify product: UPF0309 protein BH3325 => hypothetical protein
[14:31:41] Modify product: UPF0173 metal-dependent hydrolase SA1529 => hypothetical protein
[14:31:41] Modify product: Probable bifunctional oligoribonuclease and PAP phosphatase NrnA => putative bifunctional oligoribonuclease and PAP phosphatase NrnA
[14:31:41] Modify product: Uncharacterized protein YpjQ => putative protein YpjQ
[14:31:41] Modify product: Probable ketoamine kinase HMPREF0351_12196 => putative ketoamine kinase
[14:31:41] Modify product: Probable tRNA sulfurtransferase => putative tRNA sulfurtransferase
[14:31:41] Modify product: Probable tRNA sulfurtransferase => putative tRNA sulfurtransferase
[14:31:41] Modify product: Phosphorylated carbohydrates phosphatase TM_1254 => Phosphorylated carbohydrates phosphatase
[14:31:41] Modify product: UPF0758 protein SP_1088 => hypothetical protein
[14:31:41] Modify product: UPF0356 protein M6_Spy1605 => hypothetical protein
[14:31:41] Modify product: Uncharacterized ABC transporter ATP-binding protein Rv1273c => putative ABC transporter ATP-binding protein
[14:31:41] Modify product: Uncharacterized ABC transporter ATP-binding protein TM_0288 => putative ABC transporter ATP-binding protein
[14:31:41] Modify product: Probable arabinose-binding protein => putative arabinose-binding protein
[14:31:41] Modify product: Uncharacterized ABC transporter ATP-binding protein YheS => putative ABC transporter ATP-binding protein YheS
[14:31:41] Modify product: UPF0297 protein EF_1202 => hypothetical protein
[14:31:41] Modify product: UPF0473 protein SP_0194 => hypothetical protein
[14:31:41] Modify product: Uncharacterized ABC transporter permease Rv0072 => putative ABC transporter permease
[14:31:41] Modify product: Uncharacterized protein YhaP => putative protein YhaP
[14:31:41] Modify product: Uncharacterized isomerase YddE => putative isomerase YddE
[14:31:41] Modify product: Probable DNA-directed RNA polymerase subunit delta => putative DNA-directed RNA polymerase subunit delta
[14:31:41] Modify product: Probable succinyl-diaminopimelate desuccinylase => putative succinyl-diaminopimelate desuccinylase
[14:31:41] Modify product: Calcium-transporting ATPase lmo0841 => Calcium-transporting ATPase
[14:31:41] Modify product: Putative universal stress protein SA1532 => Putative universal stress protein
[14:31:41] Modify product: Uncharacterized protein PA2218 => putative protein
[14:31:41] Modify product: Uncharacterized HTH-type transcriptional regulator HI_0186 => putative HTH-type transcriptional regulator
[14:31:41] Modify product: Deacetylase EF_0837 => Deacetylase
[14:31:41] Modify product: Probable L-ascorbate-6-phosphate lactonase UlaG => putative L-ascorbate-6-phosphate lactonase UlaG
[14:31:41] Modify product: Uncharacterized multiple-sugar transport system permease YteP => putative multiple-sugar transport system permease YteP
[14:31:41] Modify product: Uncharacterized response regulatory protein SACOL0201 => putative response regulatory protein
[14:31:41] Modify product: Uncharacterized ABC transporter ATP-binding protein Rv0986 => putative ABC transporter ATP-binding protein
[14:31:41] Modify product: Probable phosphotransferase enzyme IIB component M6_Spy0801 => putative phosphotransferase enzyme IIB component
[14:31:41] Modify product: Putative universal stress protein SA1532 => Putative universal stress protein
[14:31:41] Modify product: UPF0234 protein XC_3703 => hypothetical protein
[14:31:41] Modify product: Probable metallo-hydrolase M6_Spy0554 => putative metallo-hydrolase
[14:31:41] Modify product: Uncharacterized protein YqeN => putative protein YqeN
[14:31:41] Modify product: Uncharacterized protein YlbL => putative protein YlbL
[14:31:41] Modify product: Probable peptidoglycan glycosyltransferase FtsW => putative peptidoglycan glycosyltransferase FtsW
[14:31:41] Modify product: UPF0358 protein EF_2458 => hypothetical protein
[14:31:41] Modify product: UPF0223 protein BH2638 => hypothetical protein
[14:31:41] Modify product: Uncharacterized membrane protein YuaF => putative membrane protein YuaF
[14:31:41] Modify product: Uncharacterized metal-dependent hydrolase YcfH => putative metal-dependent hydrolase YcfH
[14:31:41] Modify product: Probable HTH-type transcriptional repressor ExuR => putative HTH-type transcriptional repressor ExuR
[14:31:41] Modify product: UPF0316 protein SA1727 => hypothetical protein
[14:31:41] Modify product: Probable manganese-dependent inorganic pyrophosphatase => putative manganese-dependent inorganic pyrophosphatase
[14:31:41] Modify product: Uncharacterized protein YccU => putative protein YccU
[14:31:41] Modify product: UPF0346 protein YozE => hypothetical protein
[14:31:41] Modify product: DegV domain-containing protein SP_1112 => DegV domain-containing protein
[14:31:41] Modify product: UPF0073 inner membrane protein YqfA => hypothetical protein
[14:31:41] Modify product: Uncharacterized protein YpjD => putative protein YpjD
[14:31:41] Modify product: UPF0302 protein BA_1542/GBAA_1542/BAS1430 => hypothetical protein
[14:31:41] Modify product: 30S ribosomal protein S1 homolog => 30S ribosomal protein S1 
[14:31:41] Modify product: Putative dipeptidase SA1572 => Putative dipeptidase
[14:31:41] Modify product: Probable cell division protein WhiA => putative cell division protein WhiA
[14:31:41] Modify product: Probable GTP-binding protein EngB => putative GTP-binding protein EngB
[14:31:41] Modify product: Uncharacterized RNA methyltransferase SP_1029 => putative RNA methyltransferase
[14:31:41] Modify product: UPF0176 protein SP_0095 => hypothetical protein
[14:31:41] Modify product: GTP cyclohydrolase 1 type 2 homolog => GTP cyclohydrolase 1 type 2 
[14:31:41] Modify product: GTP cyclohydrolase 1 type 2 homolog => GTP cyclohydrolase 1 type 2 
[14:31:41] Modify product: Probable licABCH operon regulator => putative licABCH operon regulator
[14:31:41] Modify product: Uncharacterized oxidoreductase YghA => putative oxidoreductase YghA
[14:31:41] Modify product: Stress response regulator gls24 homolog => Stress response regulator gls24 
[14:31:41] Modify product: Probable peptidoglycan glycosyltransferase FtsW => putative peptidoglycan glycosyltransferase FtsW
[14:31:41] Modify product: Probable ABC transporter extracellular-binding protein YckB => putative ABC transporter extracellular-binding protein YckB
[14:31:41] Modify product: UPF0371 protein DIP2346 => hypothetical protein
[14:31:41] Modify product: UPF0340 protein YwlG => hypothetical protein
[14:31:41] Modify product: Uncharacterized ABC transporter permease Rv0072 => putative ABC transporter permease
[14:31:41] Modify product: Uncharacterized HTH-type transcriptional regulator YbbH => putative HTH-type transcriptional regulator YbbH
[14:31:41] Modify product: Uncharacterized oxidoreductase YhhX => putative oxidoreductase YhhX
[14:31:41] Modify product: Rqc2 homolog RqcH => Rqc2 RqcH
[14:31:41] Modify product: Acetyltransferase SACOL1063 => Acetyltransferase
[14:31:41] Modify product: Uncharacterized epimerase/dehydratase SA0511 => putative epimerase/dehydratase
[14:31:41] Modify product: Uncharacterized protein YedJ => putative protein YedJ
[14:31:41] Modify product: UPF0398 protein YpsA => hypothetical protein
[14:31:41] Modify product: UPF0291 protein SP_1473 => hypothetical protein
[14:31:41] Modify product: Uncharacterized MscS family protein YkuT => putative MscS family protein YkuT
[14:31:41] Modify product: Probable glutamine ABC transporter permease protein GlnP => putative glutamine ABC transporter permease protein GlnP
[14:31:41] Modify product: Probable glutamine ABC transporter permease protein GlnM => putative glutamine ABC transporter permease protein GlnM
[14:31:41] Cleaned 190 /product names
[14:31:41] Deleting unwanted file: /home/yogesh22/Genome_Analysis/outputs/03-annotation//E.faecium-annotation.sprot.tmp.1419052.faa
[14:31:41] Deleting unwanted file: /home/yogesh22/Genome_Analysis/outputs/03-annotation//E.faecium-annotation.sprot.tmp.1419052.blast
[14:31:41] There are still 1466 unannotated CDS left (started with 3132)
[14:31:41] Will use hmmer3 to search against /sw/arch/eb/software/prokka/1.14.5-gompi-2024a/db/hmm/HAMAP.hmm with 8 CPUs
[14:31:41] Running: cat \/home\/yogesh22\/Genome_Analysis\/outputs\/03\-annotation\/\/E\.faecium\-annotation\.HAMAP\.hmm\.tmp\.1419052\.faa | parallel --gnu --plain -j 8 --block 21961 --recstart '>' --pipe hmmscan --noali --notextw --acc -E 1e-09 --cpu 1 /sw/arch/eb/software/prokka/1.14.5-gompi-2024a/db/hmm/HAMAP.hmm /dev/stdin > \/home\/yogesh22\/Genome_Analysis\/outputs\/03\-annotation\/\/E\.faecium\-annotation\.HAMAP\.hmm\.tmp\.1419052\.hmmer3 2> /dev/null
[14:32:29] Modify product: Uncharacterized MFS-type transporter YfcJ => putative MFS-type transporter YfcJ
[14:32:29] Modify product: Protein SprT-like => Protein SprT-like protein
[14:32:30] Cleaned 2 /product names
[14:32:30] Deleting unwanted file: /home/yogesh22/Genome_Analysis/outputs/03-annotation//E.faecium-annotation.HAMAP.hmm.tmp.1419052.faa
[14:32:30] Deleting unwanted file: /home/yogesh22/Genome_Analysis/outputs/03-annotation//E.faecium-annotation.HAMAP.hmm.tmp.1419052.hmmer3
[14:32:30] Labelling remaining 1343 proteins as 'hypothetical protein'
[14:32:30] Possible /pseudo 'Lichenan permease IIC component' at tig00000001 position 808
[14:32:30] Possible /pseudo 'Undecaprenyl-phosphate 4-deoxy-4-formamido-L-arabinose transferase' at tig00000001 position 107861
[14:32:30] Possible /pseudo 'IS3 family transposase ISEfa8' at tig00000001 position 140214
[14:32:30] Possible /pseudo 'IS30 family transposase IS1252' at tig00000001 position 193741
[14:32:30] Possible /pseudo 'putative ABC transporter ATP-binding protein' at tig00000001 position 371785
[14:32:30] Possible /pseudo 'putative ABC transporter ATP-binding protein' at tig00000001 position 385235
[14:32:30] Possible /pseudo 'Multidrug efflux protein YfmO' at tig00000001 position 480895
[14:32:30] Possible /pseudo 'Putative NAD(P)H nitroreductase YodC' at tig00000001 position 484556
[14:32:30] Possible /pseudo 'putative protein' at tig00000001 position 740795
[14:32:30] Possible /pseudo 'Calcium-transporting ATPase 1' at tig00000001 position 853768
[14:32:30] Possible /pseudo 'IS3 family transposase IS1485' at tig00000001 position 900640
[14:32:30] Possible /pseudo 'IS256 family transposase ISEf1' at tig00000001 position 910049
[14:32:30] Possible /pseudo 'Na(+)/H(+) antiporter NhaC' at tig00000001 position 988780
[14:32:30] Possible /pseudo 'Regulatory protein Spx' at tig00000001 position 1050657
[14:32:30] Possible /pseudo 'Coenzyme A biosynthesis bifunctional protein CoaBC' at tig00000001 position 1271140
[14:32:30] Possible /pseudo 'PTS system fructose-specific EIIABC component' at tig00000001 position 1305606
[14:32:30] Possible /pseudo 'Anaerobic ribonucleoside-triphosphate reductase' at tig00000001 position 1325273
[14:32:30] Possible /pseudo 'PTS system mannose-specific EIIAB component' at tig00000001 position 1350744
[14:32:30] Possible /pseudo 'IS3 family transposase ISEfa8' at tig00000001 position 1434942
[14:32:30] Possible /pseudo 'putative ABC transporter ATP-binding protein' at tig00000001 position 1542581
[14:32:30] Possible /pseudo 'IS3 family transposase IS1485' at tig00000001 position 1594238
[14:32:30] Possible /pseudo 'putative tRNA sulfurtransferase' at tig00000001 position 1607540
[14:32:30] Possible /pseudo 'putative ABC transporter ATP-binding protein' at tig00000001 position 1620048
[14:32:30] Possible /pseudo 'Phosphate import ATP-binding protein PstB 3' at tig00000001 position 1768167
[14:32:30] Possible /pseudo 'IS3 family transposase ISEfa8' at tig00000001 position 1952427
[14:32:30] Possible /pseudo 'Acetolactate synthase' at tig00000001 position 1990665
[14:32:30] Possible /pseudo 'IS256 family transposase ISEf1' at tig00000001 position 1996358
[14:32:30] Possible /pseudo 'Phosphonoacetaldehyde hydrolase' at tig00000001 position 2096952
[14:32:30] Possible /pseudo 'Xylulose-5-phosphate phosphoketolase' at tig00000001 position 2119366
[14:32:30] Possible /pseudo 'Na(+), Li(+), K(+)/H(+) antiporter subunit B' at tig00000001 position 2214879
[14:32:30] Possible /pseudo 'Primosomal protein DnaI' at tig00000001 position 2237296
[14:32:30] Possible /pseudo 'GTP cyclohydrolase 1 type 2 ' at tig00000001 position 2241190
[14:32:30] Possible /pseudo 'General stress protein A' at tig00000001 position 2294296
[14:32:30] Possible /pseudo 'Na(+)/H(+) antiporter' at tig00000001 position 2321117
[14:32:30] Possible /pseudo 'Mannonate dehydratase' at tig00000001 position 2328018
[14:32:30] Possible /pseudo 'Dihydroorotate dehydrogenase B (NAD(+)), electron transfer subunit' at tig00000001 position 2420483
[14:32:30] Possible /pseudo 'Di-/tripeptide transporter' at tig00000001 position 2511230
[14:32:30] Possible /pseudo 'Sensor histidine kinase DcuS' at tig00000001 position 2601112
[14:32:30] Possible /pseudo 'PTS system mannose-specific EIIBCA component' at tig00000001 position 2740971
[14:32:30] Possible /pseudo 'ISL3 family transposase ISEfa5' at tig00000002 position 861
[14:32:30] Possible /pseudo 'ISL3 family transposase ISEfa5' at tig00000002 position 1279
[14:32:30] Possible /pseudo 'IS3 family transposase ISEfa10' at tig00000002 position 74906
[14:32:30] Possible /pseudo 'IS3 family transposase IS1485' at tig00000002 position 110809
[14:32:30] Possible /pseudo 'IS256 family transposase ISBsu2' at tig00000002 position 114001
[14:32:30] Possible /pseudo 'IS3 family transposase ISEfa8' at tig00000002 position 159111
[14:32:30] Possible /pseudo 'IS3 family transposase ISEfa8' at tig00000002 position 161726
[14:32:30] Possible /pseudo 'IS6 family transposase IS1216V' at tig00000002 position 198874
[14:32:30] Possible /pseudo 'DNA polymerase IV' at tig00000007 position 1595
[14:32:30] Possible /pseudo 'ISL3 family transposase ISEfa5' at tig00000010 position 5132
[14:32:30] Possible /pseudo 'ISL3 family transposase ISEfa5' at tig00000010 position 6572
[14:32:30] Possible /pseudo 'ISL3 family transposase IS1251' at tig00000010 position 9024
[14:32:30] Found 1180 unique /gene codes.
[14:32:30] Fixed 4 duplicate /gene - topB_1 topB_2 topB_3 topB_4
[14:32:30] Fixed 2 duplicate /gene - dagK_1 dagK_2
[14:32:30] Fixed 2 duplicate /gene - ywpJ_1 ywpJ_2
[14:32:30] Fixed 2 duplicate /gene - glnQ_1 glnQ_2
[14:32:30] Fixed 2 duplicate /gene - ntpJ_1 ntpJ_2
[14:32:30] Fixed 2 duplicate /gene - metP_1 metP_2
[14:32:30] Fixed 2 duplicate /gene - def_1 def_2
[14:32:30] Fixed 2 duplicate /gene - pbpX_1 pbpX_2
[14:32:30] Fixed 2 duplicate /gene - malH_1 malH_2
[14:32:30] Fixed 2 duplicate /gene - nox_1 nox_2
[14:32:30] Fixed 2 duplicate /gene - pstB3_1 pstB3_2
[14:32:30] Fixed 3 duplicate /gene - soj_1 soj_2 soj_3
[14:32:30] Fixed 2 duplicate /gene - iolU_1 iolU_2
[14:32:30] Fixed 2 duplicate /gene - pstS1_1 pstS1_2
[14:32:30] Fixed 2 duplicate /gene - rluB_1 rluB_2
[14:32:30] Fixed 2 duplicate /gene - gadC_1 gadC_2
[14:32:30] Fixed 2 duplicate /gene - mprF_1 mprF_2
[14:32:30] Fixed 2 duplicate /gene - rspR_1 rspR_2
[14:32:30] Fixed 2 duplicate /gene - iscS_1 iscS_2
[14:32:30] Fixed 2 duplicate /gene - uvrC_1 uvrC_2
[14:32:30] Fixed 3 duplicate /gene - lacG_1 lacG_2 lacG_3
[14:32:30] Fixed 2 duplicate /gene - npr_1 npr_2
[14:32:30] Fixed 2 duplicate /gene - guaA_1 guaA_2
[14:32:30] Fixed 2 duplicate /gene - agaC_1 agaC_2
[14:32:30] Fixed 2 duplicate /gene - oppF_1 oppF_2
[14:32:30] Fixed 2 duplicate /gene - murR_1 murR_2
[14:32:30] Fixed 3 duplicate /gene - ssb_1 ssb_2 ssb_3
[14:32:30] Fixed 2 duplicate /gene - sorB_1 sorB_2
[14:32:30] Fixed 2 duplicate /gene - ecfA2_1 ecfA2_2
[14:32:30] Fixed 2 duplicate /gene - malL_1 malL_2
[14:32:30] Fixed 2 duplicate /gene - eis_1 eis_2
[14:32:30] Fixed 3 duplicate /gene - rhaS_1 rhaS_2 rhaS_3
[14:32:30] Fixed 2 duplicate /gene - ohrB_1 ohrB_2
[14:32:30] Fixed 2 duplicate /gene - yvdM_1 yvdM_2
[14:32:30] Fixed 3 duplicate /gene - dinB_1 dinB_2 dinB_3
[14:32:30] Fixed 4 duplicate /gene - degA_1 degA_2 degA_3 degA_4
[14:32:30] Fixed 2 duplicate /gene - vanH_1 vanH_2
[14:32:30] Fixed 2 duplicate /gene - abfA_1 abfA_2
[14:32:30] Fixed 2 duplicate /gene - COQ5_1 COQ5_2
[14:32:30] Fixed 2 duplicate /gene - ghrB_1 ghrB_2
[14:32:30] Fixed 2 duplicate /gene - ccpA_1 ccpA_2
[14:32:30] Fixed 3 duplicate /gene - nhaC_1 nhaC_2 nhaC_3
[14:32:30] Fixed 2 duplicate /gene - arlR_1 arlR_2
[14:32:30] Fixed 3 duplicate /gene - umuC_1 umuC_2 umuC_3
[14:32:30] Fixed 2 duplicate /gene - hrtA_1 hrtA_2
[14:32:30] Fixed 2 duplicate /gene - ybbH_1 ybbH_2
[14:32:30] Fixed 2 duplicate /gene - rex_1 rex_2
[14:32:30] Fixed 5 duplicate /gene - gmuE_1 gmuE_2 gmuE_3 gmuE_4 gmuE_5
[14:32:30] Fixed 2 duplicate /gene - ldh_1 ldh_2
[14:32:30] Fixed 3 duplicate /gene - argR_1 argR_2 argR_3
[14:32:30] Fixed 2 duplicate /gene - ygaZ_1 ygaZ_2
[14:32:30] Fixed 8 duplicate /gene - manZ_1 manZ_2 manZ_3 manZ_4 manZ_5 manZ_6 manZ_7 manZ_8
[14:32:30] Fixed 2 duplicate /gene - ponA_1 ponA_2
[14:32:30] Fixed 2 duplicate /gene - ligA_1 ligA_2
[14:32:30] Fixed 3 duplicate /gene - tagU_1 tagU_2 tagU_3
[14:32:30] Fixed 2 duplicate /gene - galK_1 galK_2
[14:32:30] Fixed 2 duplicate /gene - msrA_1 msrA_2
[14:32:30] Fixed 2 duplicate /gene - metQ_1 metQ_2
[14:32:30] Fixed 2 duplicate /gene - natA_1 natA_2
[14:32:30] Fixed 3 duplicate /gene - bglH_1 bglH_2 bglH_3
[14:32:30] Fixed 2 duplicate /gene - nagR_1 nagR_2
[14:32:30] Fixed 2 duplicate /gene - pepF1_1 pepF1_2
[14:32:30] Fixed 2 duplicate /gene - purR_1 purR_2
[14:32:30] Fixed 2 duplicate /gene - arnC_1 arnC_2
[14:32:30] Fixed 2 duplicate /gene - melR_1 melR_2
[14:32:30] Fixed 2 duplicate /gene - bceB_1 bceB_2
[14:32:30] Fixed 2 duplicate /gene - licA_1 licA_2
[14:32:30] Fixed 2 duplicate /gene - xpkA_1 xpkA_2
[14:32:30] Fixed 7 duplicate /gene - araQ_1 araQ_2 araQ_3 araQ_4 araQ_5 araQ_6 araQ_7
[14:32:30] Fixed 2 duplicate /gene - gmk_1 gmk_2
[14:32:30] Fixed 3 duplicate /gene - artM_1 artM_2 artM_3
[14:32:30] Fixed 2 duplicate /gene - lolD_1 lolD_2
[14:32:30] Fixed 2 duplicate /gene - phnX_1 phnX_2
[14:32:30] Fixed 2 duplicate /gene - steT_1 steT_2
[14:32:30] Fixed 2 duplicate /gene - gspA_1 gspA_2
[14:32:30] Fixed 2 duplicate /gene - lacE_1 lacE_2
[14:32:30] Fixed 2 duplicate /gene - manP_1 manP_2
[14:32:30] Fixed 2 duplicate /gene - gatA_1 gatA_2
[14:32:30] Fixed 2 duplicate /gene - umpB_1 umpB_2
[14:32:30] Fixed 5 duplicate /gene - dgaR_1 dgaR_2 dgaR_3 dgaR_4 dgaR_5
[14:32:30] Fixed 2 duplicate /gene - gph_1 gph_2
[14:32:30] Fixed 2 duplicate /gene - treP_1 treP_2
[14:32:30] Fixed 3 duplicate /gene - xylB_1 xylB_2 xylB_3
[14:32:30] Fixed 3 duplicate /gene - murJ_1 murJ_2 murJ_3
[14:32:30] Fixed 2 duplicate /gene - ulaA_1 ulaA_2
[14:32:30] Fixed 2 duplicate /gene - clpP_1 clpP_2
[14:32:30] Fixed 5 duplicate /gene - fruA_1 fruA_2 fruA_3 fruA_4 fruA_5
[14:32:30] Fixed 2 duplicate /gene - gpsA_1 gpsA_2
[14:32:30] Fixed 3 duplicate /gene - yidA_1 yidA_2 yidA_3
[14:32:30] Fixed 2 duplicate /gene - helD_1 helD_2
[14:32:30] Fixed 2 duplicate /gene - araN_1 araN_2
[14:32:30] Fixed 2 duplicate /gene - folA_1 folA_2
[14:32:30] Fixed 2 duplicate /gene - vanA_1 vanA_2
[14:32:30] Fixed 2 duplicate /gene - dcuS_1 dcuS_2
[14:32:30] Fixed 2 duplicate /gene - gltC_1 gltC_2
[14:32:30] Fixed 2 duplicate /gene - dtpT_1 dtpT_2
[14:32:30] Fixed 2 duplicate /gene - gmuD_1 gmuD_2
[14:32:30] Fixed 2 duplicate /gene - wbgU_1 wbgU_2
[14:32:30] Fixed 2 duplicate /gene - yodC_1 yodC_2
[14:32:30] Fixed 2 duplicate /gene - cspLA_1 cspLA_2
[14:32:30] Fixed 2 duplicate /gene - nanE_1 nanE_2
[14:32:30] Fixed 6 duplicate /gene - bin3_1 bin3_2 bin3_3 bin3_4 bin3_5 bin3_6
[14:32:30] Fixed 3 duplicate /gene - frlB_1 frlB_2 frlB_3
[14:32:30] Fixed 2 duplicate /gene - gtaB_1 gtaB_2
[14:32:30] Fixed 2 duplicate /gene - araR_1 araR_2
[14:32:30] Fixed 2 duplicate /gene - fabG_1 fabG_2
[14:32:30] Fixed 2 duplicate /gene - ptcB_1 ptcB_2
[14:32:30] Fixed 2 duplicate /gene - mltF_1 mltF_2
[14:32:30] Fixed 5 duplicate /gene - licC_1 licC_2 licC_3 licC_4 licC_5
[14:32:30] Fixed 2 duplicate /gene - yfnB_1 yfnB_2
[14:32:30] Fixed 2 duplicate /gene - norR_1 norR_2
[14:32:30] Fixed 2 duplicate /gene - polC_1 polC_2
[14:32:30] Fixed 2 duplicate /gene - ltaS1_1 ltaS1_2
[14:32:30] Fixed 2 duplicate /gene - aes_1 aes_2
[14:32:30] Fixed 2 duplicate /gene - clsA_1 clsA_2
[14:32:30] Fixed 2 duplicate /gene - tadA_1 tadA_2
[14:32:30] Fixed 2 duplicate /gene - walR_1 walR_2
[14:32:30] Fixed 2 duplicate /gene - scrB_1 scrB_2
[14:32:30] Fixed 2 duplicate /gene - bceA_1 bceA_2
[14:32:30] Fixed 2 duplicate /gene - licR_1 licR_2
[14:32:30] Fixed 2 duplicate /gene - gmuC_1 gmuC_2
[14:32:30] Fixed 2 duplicate /gene - rpe_1 rpe_2
[14:32:30] Fixed 2 duplicate /gene - dnaI_1 dnaI_2
[14:32:30] Fixed 6 duplicate /gene - rhaR_1 rhaR_2 rhaR_3 rhaR_4 rhaR_5 rhaR_6
[14:32:30] Fixed 2 duplicate /gene - pnp_1 pnp_2
[14:32:30] Fixed 3 duplicate /gene - phoR_1 phoR_2 phoR_3
[14:32:30] Fixed 2 duplicate /gene - rpsN2_1 rpsN2_2
[14:32:30] Fixed 3 duplicate /gene - gatC_1 gatC_2 gatC_3
[14:32:30] Fixed 2 duplicate /gene - pglH_1 pglH_2
[14:32:30] Fixed 3 duplicate /gene - prsA_1 prsA_2 prsA_3
[14:32:30] Fixed 2 duplicate /gene - scaC_1 scaC_2
[14:32:30] Fixed 2 duplicate /gene - mro_1 mro_2
[14:32:30] Fixed 6 duplicate /gene - btuD_1 btuD_2 btuD_3 btuD_4 btuD_5 btuD_6
[14:32:30] Fixed 2 duplicate /gene - rpmGA_1 rpmGA_2
[14:32:30] Fixed 2 duplicate /gene - exuR_1 exuR_2
[14:32:30] Fixed 3 duplicate /gene - menH_1 menH_2 menH_3
[14:32:30] Fixed 2 duplicate /gene - fabZ_1 fabZ_2
[14:32:30] Fixed 2 duplicate /gene - nrdD_1 nrdD_2
[14:32:30] Fixed 2 duplicate /gene - bcrA_1 bcrA_2
[14:32:30] Fixed 2 duplicate /gene - walK_1 walK_2
[14:32:30] Fixed 3 duplicate /gene - hdfR_1 hdfR_2 hdfR_3
[14:32:30] Fixed 2 duplicate /gene - pyrK_1 pyrK_2
[14:32:30] Fixed 2 duplicate /gene - ybaK_1 ybaK_2
[14:32:30] Fixed 3 duplicate /gene - gpmA_1 gpmA_2 gpmA_3
[14:32:30] Fixed 3 duplicate /gene - ybiT_1 ybiT_2 ybiT_3
[14:32:30] Fixed 2 duplicate /gene - yxdL_1 yxdL_2
[14:32:30] Fixed 2 duplicate /gene - mutS2_1 mutS2_2
[14:32:30] Fixed 4 duplicate /gene - ptsG_1 ptsG_2 ptsG_3 ptsG_4
[14:32:30] Fixed 2 duplicate /gene - cdr_1 cdr_2
[14:32:30] Fixed 2 duplicate /gene - coaBC_1 coaBC_2
[14:32:30] Fixed 5 duplicate /gene - spxA_1 spxA_2 spxA_3 spxA_4 spxA_5
[14:32:30] Fixed 2 duplicate /gene - ribZ_1 ribZ_2
[14:32:30] Fixed 3 duplicate /gene - cbh_1 cbh_2 cbh_3
[14:32:30] Fixed 2 duplicate /gene - mtlF_1 mtlF_2
[14:32:30] Fixed 6 duplicate /gene - manX_1 manX_2 manX_3 manX_4 manX_5 manX_6
[14:32:30] Fixed 2 duplicate /gene - gap_1 gap_2
[14:32:30] Fixed 2 duplicate /gene - panT_1 panT_2
[14:32:30] Fixed 2 duplicate /gene - dinG_1 dinG_2
[14:32:30] Fixed 2 duplicate /gene - atpE_1 atpE_2
[14:32:30] Fixed 4 duplicate /gene - sasA_1 sasA_2 sasA_3 sasA_4
[14:32:30] Fixed 3 duplicate /gene - smc_1 smc_2 smc_3
[14:32:30] Fixed 2 duplicate /gene - tuf_1 tuf_2
[14:32:30] Fixed 3 duplicate /gene - agaA_1 agaA_2 agaA_3
[14:32:30] Fixed 2 duplicate /gene - yecS_1 yecS_2
[14:32:30] Fixed 4 duplicate /gene - sorA_1 sorA_2 sorA_3 sorA_4
[14:32:30] Fixed 3 duplicate /gene - yteP_1 yteP_2 yteP_3
[14:32:30] Fixed 2 duplicate /gene - yfmO_1 yfmO_2
[14:32:30] Fixed 3 duplicate /gene - uxuA_1 uxuA_2 uxuA_3
[14:32:30] Fixed 2 duplicate /gene - sbnD_1 sbnD_2
[14:32:30] Fixed 2 duplicate /gene - folT_1 folT_2
[14:32:30] Fixed 5 duplicate /gene - bglF_1 bglF_2 bglF_3 bglF_4 bglF_5
[14:32:30] Fixed 2 duplicate /gene - glcU_1 glcU_2
[14:32:30] Fixed 2 duplicate /gene - dapH_1 dapH_2
[14:32:30] Fixed 2 duplicate /gene - ctpE_1 ctpE_2
[14:32:30] Fixed 2 duplicate /gene - ssaB_1 ssaB_2
[14:32:30] Fixed 2 duplicate /gene - rluD_1 rluD_2
[14:32:30] Fixed 2 duplicate /gene - mutS_1 mutS_2
[14:32:30] Fixed 2 duplicate /gene - recQ_1 recQ_2
[14:32:30] Fixed 2 duplicate /gene - queT_1 queT_2
[14:32:30] Fixed 2 duplicate /gene - arcD1_1 arcD1_2
[14:32:30] Fixed 2 duplicate /gene - napA_1 napA_2
[14:32:30] Fixed 2 duplicate /gene - srrA_1 srrA_2
[14:32:30] Fixed 2 duplicate /gene - ftsW_1 ftsW_2
[14:32:30] Fixed 2 duplicate /gene - ugl_1 ugl_2
[14:32:30] Fixed 2 duplicate /gene - oppD_1 oppD_2
[14:32:30] Fixed 2 duplicate /gene - rpmF_1 rpmF_2
[14:32:30] Fixed 2 duplicate /gene - alsS_1 alsS_2
[14:32:30] Fixed 5 duplicate /gene - lacF_1 lacF_2 lacF_3 lacF_4 lacF_5
[14:32:30] Fixed 2 duplicate /gene - opuCA_1 opuCA_2
[14:32:30] Fixed 2 duplicate /gene - lacR_1 lacR_2
[14:32:30] Fixed 2 duplicate /gene - gamP_1 gamP_2
[14:32:30] Fixed 2 duplicate /gene - thiI_1 thiI_2
[14:32:30] Fixed 3 duplicate /gene - manR_1 manR_2 manR_3
[14:32:30] Fixed 2 duplicate /gene - murA1_1 murA1_2
[14:32:30] Fixed 13 duplicate /gene - xerC_1 xerC_2 xerC_3 xerC_4 xerC_5 xerC_6 xerC_7 xerC_8 xerC_9 xerC_10 xerC_11 xerC_12 xerC_13
[14:32:30] Fixed 2 duplicate /gene - lacC_1 lacC_2
[14:32:30] Fixed 2 duplicate /gene - brnQ_1 brnQ_2
[14:32:30] Fixed 5 duplicate /gene - licT_1 licT_2 licT_3 licT_4 licT_5
[14:32:30] Fixed 198 colliding /gene names.
[14:32:30] Adding /locus_tag identifiers
[14:32:30] Assigned 3218 locus_tags to CDS and RNA features.
[14:32:30] Writing outputs to /home/yogesh22/Genome_Analysis/outputs/03-annotation//
[14:32:30] Generating annotation statistics file
[14:32:30] Generating Genbank and Sequin files
[14:32:30] Running: tbl2asn -V b -a r10k -l paired-ends -M n -N 1 -y 'Annotated using prokka 1.14.5 from https://github.com/tseemann/prokka' -Z \/home\/yogesh22\/Genome_Analysis\/outputs\/03\-annotation\/\/E\.faecium\-annotation\.err -i \/home\/yogesh22\/Genome_Analysis\/outputs\/03\-annotation\/\/E\.faecium\-annotation\.fsa 2> /dev/null
[14:32:34] Deleting unwanted file: /home/yogesh22/Genome_Analysis/outputs/03-annotation//errorsummary.val
[14:32:34] Deleting unwanted file: /home/yogesh22/Genome_Analysis/outputs/03-annotation//E.faecium-annotation.dr
[14:32:34] Deleting unwanted file: /home/yogesh22/Genome_Analysis/outputs/03-annotation//E.faecium-annotation.fixedproducts
[14:32:34] Deleting unwanted file: /home/yogesh22/Genome_Analysis/outputs/03-annotation//E.faecium-annotation.ecn
[14:32:34] Deleting unwanted file: /home/yogesh22/Genome_Analysis/outputs/03-annotation//E.faecium-annotation.val
[14:32:34] Repairing broken .GBK output that tbl2asn produces...
[14:32:34] Running: sed 's/COORDINATES: profile/COORDINATES:profile/' < \/home\/yogesh22\/Genome_Analysis\/outputs\/03\-annotation\/\/E\.faecium\-annotation\.gbf > \/home\/yogesh22\/Genome_Analysis\/outputs\/03\-annotation\/\/E\.faecium\-annotation\.gbk
[14:32:34] Deleting unwanted file: /home/yogesh22/Genome_Analysis/outputs/03-annotation//E.faecium-annotation.gbf
[14:32:34] Output files:
[14:32:34] /home/yogesh22/Genome_Analysis/outputs/03-annotation/E.faecium-annotation.ffn
[14:32:34] /home/yogesh22/Genome_Analysis/outputs/03-annotation/E.faecium-annotation.txt
[14:32:34] /home/yogesh22/Genome_Analysis/outputs/03-annotation/E.faecium-annotation.tsv
[14:32:34] /home/yogesh22/Genome_Analysis/outputs/03-annotation/E.faecium-annotation.log
[14:32:34] /home/yogesh22/Genome_Analysis/outputs/03-annotation/E.faecium-annotation.tbl
[14:32:34] /home/yogesh22/Genome_Analysis/outputs/03-annotation/E.faecium-annotation.fsa
[14:32:34] /home/yogesh22/Genome_Analysis/outputs/03-annotation/E.faecium-annotation.sqn
[14:32:34] /home/yogesh22/Genome_Analysis/outputs/03-annotation/E.faecium-annotation.faa
[14:32:34] /home/yogesh22/Genome_Analysis/outputs/03-annotation/E.faecium-annotation.gbk
[14:32:34] /home/yogesh22/Genome_Analysis/outputs/03-annotation/E.faecium-annotation.err
[14:32:34] /home/yogesh22/Genome_Analysis/outputs/03-annotation/E.faecium-annotation.gff
[14:32:34] /home/yogesh22/Genome_Analysis/outputs/03-annotation/E.faecium-annotation.fna
[14:32:34] Annotation finished successfully.
[14:32:34] Walltime used: 6.37 minutes
[14:32:34] If you use this result please cite the Prokka paper:
[14:32:34] Seemann T (2014) Prokka: rapid prokaryotic genome annotation. Bioinformatics. 30(14):2068-9.
[14:32:34] Type 'prokka --citation' for more details.
[14:32:34] Thank you, come again.
